<?xml version="1.0" encoding="UTF-8"?>
<!-- Generated by org.testng.reporters.JUnitXMLReporter -->
<testsuite hostname="LAPTOP-OQ1VQTOM" name="Test" tests="7" failures="0" timestamp="15 Aug 2023 13:09:47 GMT" time="0.047" errors="0">
  <testcase name="sanityTC1" time="0.015" classname="SanityTestCases.sanTC1"/>
  <testcase name="sanityTC2" time="0.0" classname="SanityTestCases.sanTC2"/>
  <testcase name="regressionTC1" time="0.0" classname="RegressionTestCases.regTC1"/>
  <testcase name="regressionTC2" time="0.0" classname="RegressionTestCases.regTC2"/>
  <testcase name="systemTC1" time="0.0" classname="SystemTestCases.sysTC1"/>
  <testcase name="systemTC2" time="0.016" classname="SystemTestCases.sysTC2"/>
  <testcase name="getCredentials" time="0.0" classname="TestNXXMLTestDataPassing.xmlParam"/>
</testsuite> <!-- Test -->
