<?xml version="1.0" encoding="UTF-8"?>
<testng-results skipped="0" failed="0" total="2" passed="2">
  <reporter-output>
  </reporter-output>
  <suite name="Default suite" duration-ms="17710" started-at="2023-08-19T14:23:06Z" finished-at="2023-08-19T14:23:24Z">
    <groups>
    </groups>
    <test name="Default test" duration-ms="17710" started-at="2023-08-19T14:23:06Z" finished-at="2023-08-19T14:23:24Z">
      <class name="Grid.LogintestOnWindowsusingChrome">
        <test-method status="PASS" signature="setup()[pri:1, instance:Grid.LogintestOnWindowsusingChrome@464bee09]" name="setup" duration-ms="4170" started-at="2023-08-19T19:53:06Z" finished-at="2023-08-19T19:53:11Z">
          <reporter-output>
          </reporter-output>
        </test-method> <!-- setup -->
        <test-method status="PASS" signature="login()[pri:2, instance:Grid.LogintestOnWindowsusingChrome@464bee09]" name="login" duration-ms="13525" started-at="2023-08-19T19:53:11Z" finished-at="2023-08-19T19:53:24Z">
          <reporter-output>
          </reporter-output>
        </test-method> <!-- login -->
      </class> <!-- Grid.LogintestOnWindowsusingChrome -->
    </test> <!-- Default test -->
  </suite> <!-- Default suite -->
</testng-results>
